#
# There is insufficient memory for the Java Runtime Environment to continue.
# Native memory allocation (mmap) failed to map 132120576 bytes for G1 virtual space
# Possible reasons:
#   The system is out of physical RAM or swap space
#   The process is running with CompressedOops enabled, and the Java Heap may be blocking the growth of the native heap
# Possible solutions:
#   Reduce memory load on the system
#   Increase physical memory or swap space
#   Check if swap backing store is full
#   Decrease Java heap size (-Xmx/-Xms)
#   Decrease number of Java threads
#   Decrease Java thread stack sizes (-Xss)
#   Set larger code cache with -XX:ReservedCodeCacheSize=
#   JVM is running with Unscaled Compressed Oops mode in which the Java heap is
#     placed in the first 4GB address space. The Java Heap base address is the
#     maximum limit for the native heap growth. Please use -XX:HeapBaseMinAddress
#     to set the Java Heap base and to place the Java Heap above 4GB virtual address.
# This output file may be truncated or incomplete.
#
#  Out of Memory Error (os_windows.cpp:3530), pid=9384, tid=312
#
# JRE version:  (18.0.2.1+1) (build )
# Java VM: OpenJDK 64-Bit Server VM (18.0.2.1+1-1, mixed mode, sharing, tiered, compressed oops, compressed class ptrs, g1 gc, windows-amd64)
# No core dump will be written. Minidumps are not enabled by default on client versions of Windows
#

---------------  S U M M A R Y ------------

Command Line: -javaagent:C:\Program Files\JetBrains\IntelliJ IDEA Community Edition 2022.2.1\lib\idea_rt.jar=54306:C:\Program Files\JetBrains\IntelliJ IDEA Community Edition 2022.2.1\bin -Dfile.encoding=UTF-8 -Dsun.stdout.encoding=UTF-8 -Dsun.stderr.encoding=UTF-8 Main

Host: Intel(R) Pentium(R) CPU 6405U @ 2.40GHz, 4 cores, 7G,  Windows 10 , 64 bit Build 19041 (10.0.19041.1889)
Time: Fri Oct 14 16:30:04 2022 RTZ 2 (s 10 , 64 bit Build 19041 (10.0.19041.1889) elapsed time: 0.023619 seconds (0d 0h 0m 0s)

---------------  T H R E A D  ---------------

Current thread (0x0000028aefee6bf0):  JavaThread "Unknown thread" [_thread_in_vm, id=312, stack(0x000000a904700000,0x000000a904800000)]

Stack: [0x000000a904700000,0x000000a904800000]
Native frames: (J=compiled Java code, j=interpreted, Vv=VM code, C=native code)
V  [jvm.dll+0x6993aa]
V  [jvm.dll+0x7f46dd]
V  [jvm.dll+0x7f5fee]
V  [jvm.dll+0x7f66a3]
V  [jvm.dll+0x25cf1f]
V  [jvm.dll+0x6962f9]
V  [jvm.dll+0x68ae2a]
V  [jvm.dll+0x32255b]
V  [jvm.dll+0x329f36]
V  [jvm.dll+0x37eade]
V  [jvm.dll+0x37ed0f]
V  [jvm.dll+0x2fa2da]
V  [jvm.dll+0x2fb33d]
V  [jvm.dll+0x7c3310]
V  [jvm.dll+0x38be61]
V  [jvm.dll+0x7a2023]
V  [jvm.dll+0x40dc3f]
V  [jvm.dll+0x40f611]
C  [jli.dll+0x526b]
C  [ucrtbase.dll+0x21bb2]
C  [KERNEL32.DLL+0x17034]
C  [ntdll.dll+0x526a1]


---------------  P R O C E S S  ---------------

Threads class SMR info:
_java_thread_list=0x00007ff92869e550, length=0, elements={
}

Java Threads: ( => current thread )

Other Threads:
  0x0000028aeff43780 WorkerThread "GC Thread#0" [stack: 0x000000a904800000,0x000000a904900000] [id=12676]
  0x0000028aeff55190 ConcurrentGCThread "G1 Main Marker" [stack: 0x000000a904900000,0x000000a904a00000] [id=17052]
  0x0000028aeff57330 WorkerThread "G1 Conc#0" [stack: 0x000000a904a00000,0x000000a904b00000] [id=13928]

[error occurred during error reporting (printing all threads), id 0xc0000005, EXCEPTION_ACCESS_VIOLATION (0xc0000005) at pc=0x00007ff927eca877]

VM state: not at safepoint (not fully initialized)

VM Mutex/Monitor currently owned by a thread:  ([mutex/lock_event])
[0x0000028aefee46f0] Heap_lock - owner thread: 0x0000028aefee6bf0

Heap address: 0x0000000083000000, size: 2000 MB, Compressed Oops mode: 32-bit

CDS archive(s) mapped at: [0x0000000000000000-0x0000000000000000-0x0000000000000000), size 0, SharedBaseAddress: 0x0000000800000000, ArchiveRelocationMode: 0.
Narrow klass base: 0x0000000000000000, Narrow klass shift: 0, Narrow klass range: 0x0

GC Precious Log:
 CardTable entry size: 512
 Card Set container configuration: InlinePtr #cards 5 size 8 Array Of Cards #cards 12 size 40 Howl #buckets 4 coarsen threshold 1843 Howl Bitmap #cards 512 size 80 coarsen threshold 460 Card regions per heap region 1 cards per card region 2048

Heap:
 garbage-first heap   total 0K, used 0K [0x0000000083000000, 0x0000000100000000)
  region size 1024K, 0 young (0K), 0 survivors (0K)

[error occurred during error reporting (printing heap information), id 0xc0000005, EXCEPTION_ACCESS_VIOLATION (0xc0000005) at pc=0x00007ff9282b1839]

GC Heap History (0 events):
No events

Deoptimization events (0 events):
No events

Classes loaded (0 events):
No events

Classes unloaded (0 events):
No events

Classes redefined (0 events):
No events

Internal exceptions (0 events):
No events

VM Operations (0 events):
No events

Events (1 events):
Event: 0.013 Loaded shared library C:\Users\Ильяс\.jdks\openjdk-18.0.2.1\bin\java.dll


Dynamic libraries:
0x00007ff680670000 - 0x00007ff68067e000 	C:\Users\Ильяс\.jdks\openjdk-18.0.2.1\bin\java.exe
0x00007ff98ad70000 - 0x00007ff98af68000 	C:\WINDOWS\SYSTEM32\ntdll.dll
0x00007ff961f80000 - 0x00007ff961f97000 	C:\Program Files\Avast Software\Avast\aswhook.dll
0x00007ff989770000 - 0x00007ff98982d000 	C:\WINDOWS\System32\KERNEL32.DLL
0x00007ff9884c0000 - 0x00007ff98878e000 	C:\WINDOWS\System32\KERNELBASE.dll
0x00007ff988790000 - 0x00007ff988890000 	C:\WINDOWS\System32\ucrtbase.dll
0x00007ff96fd20000 - 0x00007ff96fd37000 	C:\Users\Ильяс\.jdks\openjdk-18.0.2.1\bin\jli.dll
0x00007ff96fd80000 - 0x00007ff96fd9a000 	C:\Users\Ильяс\.jdks\openjdk-18.0.2.1\bin\VCRUNTIME140.dll
0x00007ff98a5b0000 - 0x00007ff98a750000 	C:\WINDOWS\System32\USER32.dll
0x00007ff988490000 - 0x00007ff9884b2000 	C:\WINDOWS\System32\win32u.dll
0x00007ff98a390000 - 0x00007ff98a3ba000 	C:\WINDOWS\System32\GDI32.dll
0x00007ff963e10000 - 0x00007ff9640aa000 	C:\WINDOWS\WinSxS\amd64_microsoft.windows.common-controls_6595b64144ccf1df_6.0.19041.1110_none_60b5254171f9507e\COMCTL32.dll
0x00007ff988c20000 - 0x00007ff988d2b000 	C:\WINDOWS\System32\gdi32full.dll
0x00007ff988d30000 - 0x00007ff988dcd000 	C:\WINDOWS\System32\msvcp_win.dll
0x00007ff98ac10000 - 0x00007ff98acae000 	C:\WINDOWS\System32\msvcrt.dll
0x00007ff989830000 - 0x00007ff989860000 	C:\WINDOWS\System32\IMM32.DLL
0x00007ff97f590000 - 0x00007ff97f59c000 	C:\Users\Ильяс\.jdks\openjdk-18.0.2.1\bin\vcruntime140_1.dll
0x00007ff953c20000 - 0x00007ff953cad000 	C:\Users\Ильяс\.jdks\openjdk-18.0.2.1\bin\msvcp140.dll
0x00007ff927bc0000 - 0x00007ff9287d1000 	C:\Users\Ильяс\.jdks\openjdk-18.0.2.1\bin\server\jvm.dll
0x00007ff988dd0000 - 0x00007ff988e7e000 	C:\WINDOWS\System32\ADVAPI32.dll
0x00007ff989860000 - 0x00007ff9898fc000 	C:\WINDOWS\System32\sechost.dll
0x00007ff989ba0000 - 0x00007ff989cc5000 	C:\WINDOWS\System32\RPCRT4.dll
0x00007ff989cd0000 - 0x00007ff989cd8000 	C:\WINDOWS\System32\PSAPI.DLL
0x00007ff969a80000 - 0x00007ff969a89000 	C:\WINDOWS\SYSTEM32\WSOCK32.dll
0x00007ff96d5a0000 - 0x00007ff96d5c7000 	C:\WINDOWS\SYSTEM32\WINMM.dll
0x00007ff989700000 - 0x00007ff98976b000 	C:\WINDOWS\System32\WS2_32.dll
0x00007ff97caa0000 - 0x00007ff97caaa000 	C:\WINDOWS\SYSTEM32\VERSION.dll
0x00007ff986d10000 - 0x00007ff986d22000 	C:\WINDOWS\SYSTEM32\kernel.appcore.dll
0x00007ff97da70000 - 0x00007ff97da7a000 	C:\Users\Ильяс\.jdks\openjdk-18.0.2.1\bin\jimage.dll
0x00007ff986350000 - 0x00007ff986534000 	C:\WINDOWS\SYSTEM32\DBGHELP.DLL
0x00007ff9718a0000 - 0x00007ff9718cc000 	C:\WINDOWS\SYSTEM32\dbgcore.DLL
0x00007ff988890000 - 0x00007ff988912000 	C:\WINDOWS\System32\bcryptPrimitives.dll
0x00007ff96f4e0000 - 0x00007ff96f4ee000 	C:\Users\Ильяс\.jdks\openjdk-18.0.2.1\bin\instrument.dll
0x00007ff96eff0000 - 0x00007ff96f015000 	C:\Users\Ильяс\.jdks\openjdk-18.0.2.1\bin\java.dll

dbghelp: loaded successfully - version: 4.0.5 - missing functions: none
symbol engine: initialized successfully - sym options: 0x614 - pdb path: .;C:\Users\Ильяс\.jdks\openjdk-18.0.2.1\bin;C:\WINDOWS\SYSTEM32;C:\Program Files\Avast Software\Avast;C:\WINDOWS\WinSxS\amd64_microsoft.windows.common-controls_6595b64144ccf1df_6.0.19041.1110_none_60b5254171f9507e;C:\Users\Ильяс\.jdks\openjdk-18.0.2.1\bin\server

VM Arguments:
jvm_args: -javaagent:C:\Program Files\JetBrains\IntelliJ IDEA Community Edition 2022.2.1\lib\idea_rt.jar=54306:C:\Program Files\JetBrains\IntelliJ IDEA Community Edition 2022.2.1\bin -Dfile.encoding=UTF-8 -Dsun.stdout.encoding=UTF-8 -Dsun.stderr.encoding=UTF-8 
java_command: Main
java_class_path (initial): C:\Users\Ильяс\wave\out\production\wave
Launcher Type: SUN_STANDARD

[Global flags]
     intx CICompilerCount                          = 3                                         {product} {ergonomic}
     uint ConcGCThreads                            = 1                                         {product} {ergonomic}
     uint G1ConcRefinementThreads                  = 4                                         {product} {ergonomic}
   size_t G1HeapRegionSize                         = 1048576                                   {product} {ergonomic}
    uintx GCDrainStackTargetSize                   = 64                                        {product} {ergonomic}
   size_t InitialHeapSize                          = 132120576                                 {product} {ergonomic}
   size_t MarkStackSize                            = 4194304                                   {product} {ergonomic}
   size_t MaxHeapSize                              = 2097152000                                {product} {ergonomic}
   size_t MinHeapDeltaBytes                        = 1048576                                   {product} {ergonomic}
   size_t MinHeapSize                              = 8388608                                   {product} {ergonomic}
    uintx NonNMethodCodeHeapSize                   = 5832780                                {pd product} {ergonomic}
    uintx NonProfiledCodeHeapSize                  = 122912730                              {pd product} {ergonomic}
    uintx ProfiledCodeHeapSize                     = 122912730                              {pd product} {ergonomic}
    uintx ReservedCodeCacheSize                    = 251658240                              {pd product} {ergonomic}
     bool SegmentedCodeCache                       = true                                      {product} {ergonomic}
   size_t SoftMaxHeapSize                          = 2097152000                             {manageable} {ergonomic}
     bool UseCompressedClassPointers               = true                           {product lp64_product} {ergonomic}
     bool UseCompressedOops                        = true                           {product lp64_product} {ergonomic}
     bool UseG1GC                                  = true                                      {product} {ergonomic}
     bool UseLargePagesIndividualAllocation        = false                                  {pd product} {ergonomic}

Logging:
Log output configuration:
 #0: stdout all=warning uptime,level,tags foldmultilines=false
 #1: stderr all=off uptime,level,tags foldmultilines=false

Environment Variables:
PATH=C:\Program Files (x86)\AdoptOpenJDK\jdk-8.0.252.09-hotspot\bin;C:\WINDOWS\system32;C:\WINDOWS;C:\WINDOWS\System32\Wbem;C:\WINDOWS\System32\WindowsPowerShell\v1.0\;C:\WINDOWS\System32\OpenSSH\;C:\Program Files\Microsoft SQL Server\110\Tools\Binn\;C:\Program Files (x86)\Delphi 10 Lite\bin;C:\Program Files\Microsoft SQL Server\130\Tools\Binn\;C:\Program Files\dotnet\;C:\php;C:\Program Files\Git\cmd;C:\Users\Ильяс\AppData\Local\Programs\Python\Python310\Scripts\;C:\Users\Ильяс\AppData\Local\Programs\Python\Python310\;C:\python\Scripts\;C:\python\;C:\Users\Ильяс\Documents\Borland Studio Projects\Bpl;C:\Users\Ильяс\AppData\Local\Microsoft\WindowsApps;C:\Users\Ильяс\.dotnet\tools;С:\php8;C:\Users\Ильяс\AppData\Local\Programs\MiKTeX\miktex\bin\x64\;C:\php;;C:\Program Files\JetBrains\PhpStorm 2022.1.3\bin;;C:\Program Files\JetBrains\IntelliJ IDEA Community Edition 2022.2.1\bin;;C:\Users\Ильяс\AppData\Local\Programs\Microsoft VS Code\bin
USERNAME=Ильяс
OS=Windows_NT
PROCESSOR_IDENTIFIER=Intel64 Family 6 Model 142 Stepping 12, GenuineIntel



---------------  S Y S T E M  ---------------

OS:
 Windows 10 , 64 bit Build 19041 (10.0.19041.1889)
OS uptime: 10 days 11:48 hours

CPU: total 4 (initial active 4) (2 cores per cpu, 2 threads per core) family 6 model 142 stepping 12 microcode 0xd6, cx8, cmov, fxsr, ht, mmx, 3dnowpref, sse, sse2, sse3, ssse3, sse4.1, sse4.2, popcnt, lzcnt, tsc, tscinvbit, aes, erms, clmul, clflush, clflushopt

Memory: 4k page, system-wide physical 7996M (1224M free)
TotalPageFile size 9996M (AvailPageFile size 22M)
current process WorkingSet (physical memory assigned to process): 10M, peak: 10M
current process commit charge ("private bytes"): 52M, peak: 178M

vm_info: OpenJDK 64-Bit Server VM (18.0.2.1+1-1) for windows-amd64 JRE (18.0.2.1+1-1), built on Aug 16 2022 01:44:29 by "mach5one" with MS VC++ 16.8 / 16.9 (VS2019)

END.
